INFO:  latexindent.exe version 3.19, 2022-10-30, a script to indent .tex files
       latexindent.exe lives here: C:/texlive/2022/bin/win32/
       Thu Aug 29 14:49:26 2024
       Filename: c:/Users/dj-lu/OneDrive/University of Exeter/Research-in-Mathematical-Sciences---CA3/Chapter2/__latexindent_temp_Methods_and_Data.tex
INFO:  Processing switches:
       -y|--yaml: YAML settings specified via command line
       -c|--cruft: cruft directory
INFO:  Directory for backup files and c:/Users/dj-lu/OneDrive/University of Exeter/Research-in-Mathematical-Sciences---CA3//indent.log:
       c:/Users/dj-lu/OneDrive/University of Exeter/Research-in-Mathematical-Sciences---CA3/
INFO:  YAML settings read: defaultSettings.yaml
       Reading defaultSettings.yaml from C:/texlive/2022/bin/win32/defaultSettings.yaml
       Reading defaultSettings.yaml (2nd attempt) from C:/texlive/2022/bin/win32/../../texmf-dist/scripts/latexindent/defaultSettings.yaml
       and then, if necessary, C:/texlive/2022/bin/win32/LatexIndent/defaultSettings.yaml
INFO:  YAML settings read: indentconfig.yaml or .indentconfig.yaml
       Home directory is C:\Users\dj-lu (didn't find either indentconfig.yaml or .indentconfig.yaml)
       To specify user settings you would put indentconfig.yaml here: C:\Users\dj-lu/indentconfig.yaml
       Alternatively, you can use the hidden file .indentconfig.yaml as: C:\Users\dj-lu/.indentconfig.yaml
INFO:  YAML settings read: -y switch
       YAML setting: defaultIndent:'    '
       single-quoted string found in -y switch: '    ', substitute to     
       Updating mainSettings with defaultIndent:     
INFO:  Phase 1: searching for objects
INFO:  Phase 2: finding surrounding indentation
INFO:  Phase 3: indenting objects
INFO:  Phase 4: final indentation check
INFO:  Output routine:
       Not outputting to file; see -w and -o switches for more options.
       --------------
INFO:  Please direct all communication/issues to:
        https://github.com/cmhughes/latexindent.pl
